CRITICAL - 2024-06-15 10:05:15 --> Error: Call to a member function getMessage() on null
[Method: GET, Route: /]
in APPPATH/Exceptions/DatabaseOperationFailedExceptions.php on line 19.
 1 APPPATH/Controllers/Home.php(13): App\Exceptions\DatabaseOperationFailedExceptions->__construct()
 2 SYSTEMPATH/CodeIgniter.php(933): App\Controllers\Home->index()
 3 SYSTEMPATH/CodeIgniter.php(509): CodeIgniter\CodeIgniter->runController()
 4 SYSTEMPATH/CodeIgniter.php(355): CodeIgniter\CodeIgniter->handleRequest()
 5 SYSTEMPATH/Boot.php(325): CodeIgniter\CodeIgniter->run()
 6 SYSTEMPATH/Boot.php(67): CodeIgniter\Boot::runCodeIgniter()
 7 FCPATH/index.php(56): CodeIgniter\Boot::bootWeb()
 8 SYSTEMPATH/Commands/Server/rewrite.php(49): require_once('/home/haslam/Documents/Pemrograman/php-programming/blogging-system/public/index.php')
CRITICAL - 2024-06-15 10:06:13 --> App\Exceptions\DatabaseOperationFailedExceptions: gagal
[Method: GET, Route: /]
in APPPATH/Controllers/Home.php on line 13.
 1 SYSTEMPATH/CodeIgniter.php(933): App\Controllers\Home->index()
 2 SYSTEMPATH/CodeIgniter.php(509): CodeIgniter\CodeIgniter->runController()
 3 SYSTEMPATH/CodeIgniter.php(355): CodeIgniter\CodeIgniter->handleRequest()
 4 SYSTEMPATH/Boot.php(325): CodeIgniter\CodeIgniter->run()
 5 SYSTEMPATH/Boot.php(67): CodeIgniter\Boot::runCodeIgniter()
 6 FCPATH/index.php(56): CodeIgniter\Boot::bootWeb()
 7 SYSTEMPATH/Commands/Server/rewrite.php(49): require_once('/home/haslam/Documents/Pemrograman/php-programming/blogging-system/public/index.php')
CRITICAL - 2024-06-15 10:07:00 --> CodeIgniter\HTTP\Exceptions\HTTPException: The route for "http://localhost:8080/error/500" cannot be found.
[Method: GET, Route: /]
in SYSTEMPATH/HTTP/RedirectResponse.php on line 64.
 1 SYSTEMPATH/HTTP/RedirectResponse.php(64): CodeIgniter\HTTP\Exceptions\HTTPException::forInvalidRedirectRoute()
 2 SYSTEMPATH/Common.php(853): CodeIgniter\HTTP\RedirectResponse->route()
 3 APPPATH/Exceptions/DatabaseOperationFailedExceptions.php(25): redirect()
 4 APPPATH/Controllers/Home.php(13): App\Exceptions\DatabaseOperationFailedExceptions->__construct()
 5 SYSTEMPATH/CodeIgniter.php(933): App\Controllers\Home->index()
 6 SYSTEMPATH/CodeIgniter.php(509): CodeIgniter\CodeIgniter->runController()
 7 SYSTEMPATH/CodeIgniter.php(355): CodeIgniter\CodeIgniter->handleRequest()
 8 SYSTEMPATH/Boot.php(325): CodeIgniter\CodeIgniter->run()
 9 SYSTEMPATH/Boot.php(67): CodeIgniter\Boot::runCodeIgniter()
10 FCPATH/index.php(56): CodeIgniter\Boot::bootWeb()
11 SYSTEMPATH/Commands/Server/rewrite.php(49): require_once('/home/haslam/Documents/Pemrograman/php-programming/blogging-system/public/index.php')
CRITICAL - 2024-06-15 10:07:48 --> CodeIgniter\HTTP\Exceptions\HTTPException: The route for "http://localhost:8080//error/500" cannot be found.
[Method: GET, Route: /]
in SYSTEMPATH/HTTP/RedirectResponse.php on line 64.
 1 SYSTEMPATH/HTTP/RedirectResponse.php(64): CodeIgniter\HTTP\Exceptions\HTTPException::forInvalidRedirectRoute()
 2 SYSTEMPATH/Common.php(853): CodeIgniter\HTTP\RedirectResponse->route()
 3 APPPATH/Exceptions/DatabaseOperationFailedExceptions.php(25): redirect()
 4 APPPATH/Controllers/Home.php(13): App\Exceptions\DatabaseOperationFailedExceptions->__construct()
 5 SYSTEMPATH/CodeIgniter.php(933): App\Controllers\Home->index()
 6 SYSTEMPATH/CodeIgniter.php(509): CodeIgniter\CodeIgniter->runController()
 7 SYSTEMPATH/CodeIgniter.php(355): CodeIgniter\CodeIgniter->handleRequest()
 8 SYSTEMPATH/Boot.php(325): CodeIgniter\CodeIgniter->run()
 9 SYSTEMPATH/Boot.php(67): CodeIgniter\Boot::runCodeIgniter()
10 FCPATH/index.php(56): CodeIgniter\Boot::bootWeb()
11 SYSTEMPATH/Commands/Server/rewrite.php(49): require_once('/home/haslam/Documents/Pemrograman/php-programming/blogging-system/public/index.php')
CRITICAL - 2024-06-15 10:07:49 --> CodeIgniter\HTTP\Exceptions\HTTPException: The route for "http://localhost:8080//error/500" cannot be found.
[Method: GET, Route: /]
in SYSTEMPATH/HTTP/RedirectResponse.php on line 64.
 1 SYSTEMPATH/HTTP/RedirectResponse.php(64): CodeIgniter\HTTP\Exceptions\HTTPException::forInvalidRedirectRoute()
 2 SYSTEMPATH/Common.php(853): CodeIgniter\HTTP\RedirectResponse->route()
 3 APPPATH/Exceptions/DatabaseOperationFailedExceptions.php(25): redirect()
 4 APPPATH/Controllers/Home.php(13): App\Exceptions\DatabaseOperationFailedExceptions->__construct()
 5 SYSTEMPATH/CodeIgniter.php(933): App\Controllers\Home->index()
 6 SYSTEMPATH/CodeIgniter.php(509): CodeIgniter\CodeIgniter->runController()
 7 SYSTEMPATH/CodeIgniter.php(355): CodeIgniter\CodeIgniter->handleRequest()
 8 SYSTEMPATH/Boot.php(325): CodeIgniter\CodeIgniter->run()
 9 SYSTEMPATH/Boot.php(67): CodeIgniter\Boot::runCodeIgniter()
10 FCPATH/index.php(56): CodeIgniter\Boot::bootWeb()
11 SYSTEMPATH/Commands/Server/rewrite.php(49): require_once('/home/haslam/Documents/Pemrograman/php-programming/blogging-system/public/index.php')
CRITICAL - 2024-06-15 10:07:58 --> CodeIgniter\HTTP\Exceptions\HTTPException: The route for "http://localhost:8080/error/500" cannot be found.
[Method: GET, Route: /]
in SYSTEMPATH/HTTP/RedirectResponse.php on line 64.
 1 SYSTEMPATH/HTTP/RedirectResponse.php(64): CodeIgniter\HTTP\Exceptions\HTTPException::forInvalidRedirectRoute()
 2 SYSTEMPATH/Common.php(853): CodeIgniter\HTTP\RedirectResponse->route()
 3 APPPATH/Exceptions/DatabaseOperationFailedExceptions.php(25): redirect()
 4 APPPATH/Controllers/Home.php(13): App\Exceptions\DatabaseOperationFailedExceptions->__construct()
 5 SYSTEMPATH/CodeIgniter.php(933): App\Controllers\Home->index()
 6 SYSTEMPATH/CodeIgniter.php(509): CodeIgniter\CodeIgniter->runController()
 7 SYSTEMPATH/CodeIgniter.php(355): CodeIgniter\CodeIgniter->handleRequest()
 8 SYSTEMPATH/Boot.php(325): CodeIgniter\CodeIgniter->run()
 9 SYSTEMPATH/Boot.php(67): CodeIgniter\Boot::runCodeIgniter()
10 FCPATH/index.php(56): CodeIgniter\Boot::bootWeb()
11 SYSTEMPATH/Commands/Server/rewrite.php(49): require_once('/home/haslam/Documents/Pemrograman/php-programming/blogging-system/public/index.php')
CRITICAL - 2024-06-15 10:07:59 --> CodeIgniter\HTTP\Exceptions\HTTPException: The route for "http://localhost:8080/error/500" cannot be found.
[Method: GET, Route: /]
in SYSTEMPATH/HTTP/RedirectResponse.php on line 64.
 1 SYSTEMPATH/HTTP/RedirectResponse.php(64): CodeIgniter\HTTP\Exceptions\HTTPException::forInvalidRedirectRoute()
 2 SYSTEMPATH/Common.php(853): CodeIgniter\HTTP\RedirectResponse->route()
 3 APPPATH/Exceptions/DatabaseOperationFailedExceptions.php(25): redirect()
 4 APPPATH/Controllers/Home.php(13): App\Exceptions\DatabaseOperationFailedExceptions->__construct()
 5 SYSTEMPATH/CodeIgniter.php(933): App\Controllers\Home->index()
 6 SYSTEMPATH/CodeIgniter.php(509): CodeIgniter\CodeIgniter->runController()
 7 SYSTEMPATH/CodeIgniter.php(355): CodeIgniter\CodeIgniter->handleRequest()
 8 SYSTEMPATH/Boot.php(325): CodeIgniter\CodeIgniter->run()
 9 SYSTEMPATH/Boot.php(67): CodeIgniter\Boot::runCodeIgniter()
10 FCPATH/index.php(56): CodeIgniter\Boot::bootWeb()
11 SYSTEMPATH/Commands/Server/rewrite.php(49): require_once('/home/haslam/Documents/Pemrograman/php-programming/blogging-system/public/index.php')
CRITICAL - 2024-06-15 10:07:59 --> CodeIgniter\HTTP\Exceptions\HTTPException: The route for "http://localhost:8080/error/500" cannot be found.
[Method: GET, Route: /]
in SYSTEMPATH/HTTP/RedirectResponse.php on line 64.
 1 SYSTEMPATH/HTTP/RedirectResponse.php(64): CodeIgniter\HTTP\Exceptions\HTTPException::forInvalidRedirectRoute()
 2 SYSTEMPATH/Common.php(853): CodeIgniter\HTTP\RedirectResponse->route()
 3 APPPATH/Exceptions/DatabaseOperationFailedExceptions.php(25): redirect()
 4 APPPATH/Controllers/Home.php(13): App\Exceptions\DatabaseOperationFailedExceptions->__construct()
 5 SYSTEMPATH/CodeIgniter.php(933): App\Controllers\Home->index()
 6 SYSTEMPATH/CodeIgniter.php(509): CodeIgniter\CodeIgniter->runController()
 7 SYSTEMPATH/CodeIgniter.php(355): CodeIgniter\CodeIgniter->handleRequest()
 8 SYSTEMPATH/Boot.php(325): CodeIgniter\CodeIgniter->run()
 9 SYSTEMPATH/Boot.php(67): CodeIgniter\Boot::runCodeIgniter()
10 FCPATH/index.php(56): CodeIgniter\Boot::bootWeb()
11 SYSTEMPATH/Commands/Server/rewrite.php(49): require_once('/home/haslam/Documents/Pemrograman/php-programming/blogging-system/public/index.php')
CRITICAL - 2024-06-15 10:08:00 --> CodeIgniter\HTTP\Exceptions\HTTPException: The route for "http://localhost:8080/error/500" cannot be found.
[Method: GET, Route: /]
in SYSTEMPATH/HTTP/RedirectResponse.php on line 64.
 1 SYSTEMPATH/HTTP/RedirectResponse.php(64): CodeIgniter\HTTP\Exceptions\HTTPException::forInvalidRedirectRoute()
 2 SYSTEMPATH/Common.php(853): CodeIgniter\HTTP\RedirectResponse->route()
 3 APPPATH/Exceptions/DatabaseOperationFailedExceptions.php(25): redirect()
 4 APPPATH/Controllers/Home.php(13): App\Exceptions\DatabaseOperationFailedExceptions->__construct()
 5 SYSTEMPATH/CodeIgniter.php(933): App\Controllers\Home->index()
 6 SYSTEMPATH/CodeIgniter.php(509): CodeIgniter\CodeIgniter->runController()
 7 SYSTEMPATH/CodeIgniter.php(355): CodeIgniter\CodeIgniter->handleRequest()
 8 SYSTEMPATH/Boot.php(325): CodeIgniter\CodeIgniter->run()
 9 SYSTEMPATH/Boot.php(67): CodeIgniter\Boot::runCodeIgniter()
10 FCPATH/index.php(56): CodeIgniter\Boot::bootWeb()
11 SYSTEMPATH/Commands/Server/rewrite.php(49): require_once('/home/haslam/Documents/Pemrograman/php-programming/blogging-system/public/index.php')
CRITICAL - 2024-06-15 10:08:16 --> CodeIgniter\HTTP\Exceptions\HTTPException: The route for "http://localhost:8080/error/500" cannot be found.
[Method: GET, Route: /]
in SYSTEMPATH/HTTP/RedirectResponse.php on line 64.
 1 SYSTEMPATH/HTTP/RedirectResponse.php(64): CodeIgniter\HTTP\Exceptions\HTTPException::forInvalidRedirectRoute()
 2 SYSTEMPATH/Common.php(853): CodeIgniter\HTTP\RedirectResponse->route()
 3 APPPATH/Controllers/Home.php(13): redirect()
 4 SYSTEMPATH/CodeIgniter.php(933): App\Controllers\Home->index()
 5 SYSTEMPATH/CodeIgniter.php(509): CodeIgniter\CodeIgniter->runController()
 6 SYSTEMPATH/CodeIgniter.php(355): CodeIgniter\CodeIgniter->handleRequest()
 7 SYSTEMPATH/Boot.php(325): CodeIgniter\CodeIgniter->run()
 8 SYSTEMPATH/Boot.php(67): CodeIgniter\Boot::runCodeIgniter()
 9 FCPATH/index.php(56): CodeIgniter\Boot::bootWeb()
10 SYSTEMPATH/Commands/Server/rewrite.php(49): require_once('/home/haslam/Documents/Pemrograman/php-programming/blogging-system/public/index.php')
CRITICAL - 2024-06-15 10:08:48 --> CodeIgniter\Filters\Exceptions\FilterException: "auth" filter must have a matching alias defined.
[Method: CLI, Route: routes]
in SYSTEMPATH/Filters/Filters.php on line 495.
 1 SYSTEMPATH/Filters/Filters.php(495): CodeIgniter\Filters\Exceptions\FilterException::forNoAlias()
 2 SYSTEMPATH/Filters/Filters.php(547): CodeIgniter\Filters\Filters->enableFilter()
 3 SYSTEMPATH/Commands/Utilities/Routes/FilterFinder.php(58): CodeIgniter\Filters\Filters->enableFilters()
 4 SYSTEMPATH/Commands/Utilities/Routes/FilterCollector.php(79): CodeIgniter\Commands\Utilities\Routes\FilterFinder->find()
 5 SYSTEMPATH/Commands/Utilities/Routes.php(113): CodeIgniter\Commands\Utilities\Routes\FilterCollector->get()
 6 SYSTEMPATH/CLI/Commands.php(70): CodeIgniter\Commands\Utilities\Routes->run()
 7 SYSTEMPATH/CLI/Console.php(48): CodeIgniter\CLI\Commands->run()
 8 SYSTEMPATH/Boot.php(351): CodeIgniter\CLI\Console->run()
 9 SYSTEMPATH/Boot.php(104): CodeIgniter\Boot::runCommand()
10 ROOTPATH/spark(84): CodeIgniter\Boot::bootSpark()
CRITICAL - 2024-06-15 10:09:57 --> App\Exceptions\DatabaseOperationFailedExceptions: gagal
[Method: GET, Route: /]
in APPPATH/Controllers/Home.php on line 13.
 1 SYSTEMPATH/CodeIgniter.php(933): App\Controllers\Home->index()
 2 SYSTEMPATH/CodeIgniter.php(509): CodeIgniter\CodeIgniter->runController()
 3 SYSTEMPATH/CodeIgniter.php(355): CodeIgniter\CodeIgniter->handleRequest()
 4 SYSTEMPATH/Boot.php(325): CodeIgniter\CodeIgniter->run()
 5 SYSTEMPATH/Boot.php(67): CodeIgniter\Boot::runCodeIgniter()
 6 FCPATH/index.php(56): CodeIgniter\Boot::bootWeb()
 7 SYSTEMPATH/Commands/Server/rewrite.php(49): require_once('/home/haslam/Documents/Pemrograman/php-programming/blogging-system/public/index.php')
CRITICAL - 2024-06-15 10:09:59 --> App\Exceptions\DatabaseOperationFailedExceptions: gagal
[Method: GET, Route: /]
in APPPATH/Controllers/Home.php on line 13.
 1 SYSTEMPATH/CodeIgniter.php(933): App\Controllers\Home->index()
 2 SYSTEMPATH/CodeIgniter.php(509): CodeIgniter\CodeIgniter->runController()
 3 SYSTEMPATH/CodeIgniter.php(355): CodeIgniter\CodeIgniter->handleRequest()
 4 SYSTEMPATH/Boot.php(325): CodeIgniter\CodeIgniter->run()
 5 SYSTEMPATH/Boot.php(67): CodeIgniter\Boot::runCodeIgniter()
 6 FCPATH/index.php(56): CodeIgniter\Boot::bootWeb()
 7 SYSTEMPATH/Commands/Server/rewrite.php(49): require_once('/home/haslam/Documents/Pemrograman/php-programming/blogging-system/public/index.php')
CRITICAL - 2024-06-15 10:10:00 --> App\Exceptions\DatabaseOperationFailedExceptions: gagal
[Method: GET, Route: /]
in APPPATH/Controllers/Home.php on line 13.
 1 SYSTEMPATH/CodeIgniter.php(933): App\Controllers\Home->index()
 2 SYSTEMPATH/CodeIgniter.php(509): CodeIgniter\CodeIgniter->runController()
 3 SYSTEMPATH/CodeIgniter.php(355): CodeIgniter\CodeIgniter->handleRequest()
 4 SYSTEMPATH/Boot.php(325): CodeIgniter\CodeIgniter->run()
 5 SYSTEMPATH/Boot.php(67): CodeIgniter\Boot::runCodeIgniter()
 6 FCPATH/index.php(56): CodeIgniter\Boot::bootWeb()
 7 SYSTEMPATH/Commands/Server/rewrite.php(49): require_once('/home/haslam/Documents/Pemrograman/php-programming/blogging-system/public/index.php')
CRITICAL - 2024-06-15 10:10:00 --> App\Exceptions\DatabaseOperationFailedExceptions: gagal
[Method: GET, Route: /]
in APPPATH/Controllers/Home.php on line 13.
 1 SYSTEMPATH/CodeIgniter.php(933): App\Controllers\Home->index()
 2 SYSTEMPATH/CodeIgniter.php(509): CodeIgniter\CodeIgniter->runController()
 3 SYSTEMPATH/CodeIgniter.php(355): CodeIgniter\CodeIgniter->handleRequest()
 4 SYSTEMPATH/Boot.php(325): CodeIgniter\CodeIgniter->run()
 5 SYSTEMPATH/Boot.php(67): CodeIgniter\Boot::runCodeIgniter()
 6 FCPATH/index.php(56): CodeIgniter\Boot::bootWeb()
 7 SYSTEMPATH/Commands/Server/rewrite.php(49): require_once('/home/haslam/Documents/Pemrograman/php-programming/blogging-system/public/index.php')
CRITICAL - 2024-06-15 10:10:00 --> App\Exceptions\DatabaseOperationFailedExceptions: gagal
[Method: GET, Route: /]
in APPPATH/Controllers/Home.php on line 13.
 1 SYSTEMPATH/CodeIgniter.php(933): App\Controllers\Home->index()
 2 SYSTEMPATH/CodeIgniter.php(509): CodeIgniter\CodeIgniter->runController()
 3 SYSTEMPATH/CodeIgniter.php(355): CodeIgniter\CodeIgniter->handleRequest()
 4 SYSTEMPATH/Boot.php(325): CodeIgniter\CodeIgniter->run()
 5 SYSTEMPATH/Boot.php(67): CodeIgniter\Boot::runCodeIgniter()
 6 FCPATH/index.php(56): CodeIgniter\Boot::bootWeb()
 7 SYSTEMPATH/Commands/Server/rewrite.php(49): require_once('/home/haslam/Documents/Pemrograman/php-programming/blogging-system/public/index.php')
CRITICAL - 2024-06-15 10:10:01 --> App\Exceptions\DatabaseOperationFailedExceptions: gagal
[Method: GET, Route: /]
in APPPATH/Controllers/Home.php on line 13.
 1 SYSTEMPATH/CodeIgniter.php(933): App\Controllers\Home->index()
 2 SYSTEMPATH/CodeIgniter.php(509): CodeIgniter\CodeIgniter->runController()
 3 SYSTEMPATH/CodeIgniter.php(355): CodeIgniter\CodeIgniter->handleRequest()
 4 SYSTEMPATH/Boot.php(325): CodeIgniter\CodeIgniter->run()
 5 SYSTEMPATH/Boot.php(67): CodeIgniter\Boot::runCodeIgniter()
 6 FCPATH/index.php(56): CodeIgniter\Boot::bootWeb()
 7 SYSTEMPATH/Commands/Server/rewrite.php(49): require_once('/home/haslam/Documents/Pemrograman/php-programming/blogging-system/public/index.php')
CRITICAL - 2024-06-15 10:10:51 --> App\Exceptions\DatabaseOperationFailedExceptions: gagal
[Method: GET, Route: /]
in APPPATH/Controllers/Home.php on line 13.
 1 SYSTEMPATH/CodeIgniter.php(933): App\Controllers\Home->index()
 2 SYSTEMPATH/CodeIgniter.php(509): CodeIgniter\CodeIgniter->runController()
 3 SYSTEMPATH/CodeIgniter.php(355): CodeIgniter\CodeIgniter->handleRequest()
 4 SYSTEMPATH/Boot.php(325): CodeIgniter\CodeIgniter->run()
 5 SYSTEMPATH/Boot.php(67): CodeIgniter\Boot::runCodeIgniter()
 6 FCPATH/index.php(56): CodeIgniter\Boot::bootWeb()
 7 SYSTEMPATH/Commands/Server/rewrite.php(49): require_once('/home/haslam/Documents/Pemrograman/php-programming/blogging-system/public/index.php')
CRITICAL - 2024-06-15 10:11:09 --> App\Exceptions\DatabaseOperationFailedExceptions: gagal
[Method: GET, Route: /]
in APPPATH/Controllers/Home.php on line 13.
 1 SYSTEMPATH/CodeIgniter.php(933): App\Controllers\Home->index()
 2 SYSTEMPATH/CodeIgniter.php(509): CodeIgniter\CodeIgniter->runController()
 3 SYSTEMPATH/CodeIgniter.php(355): CodeIgniter\CodeIgniter->handleRequest()
 4 SYSTEMPATH/Boot.php(325): CodeIgniter\CodeIgniter->run()
 5 SYSTEMPATH/Boot.php(67): CodeIgniter\Boot::runCodeIgniter()
 6 FCPATH/index.php(56): CodeIgniter\Boot::bootWeb()
 7 SYSTEMPATH/Commands/Server/rewrite.php(49): require_once('/home/haslam/Documents/Pemrograman/php-programming/blogging-system/public/index.php')
CRITICAL - 2024-06-15 10:11:15 --> App\Exceptions\DatabaseOperationFailedExceptions: gagal
[Method: GET, Route: /]
in APPPATH/Controllers/Home.php on line 13.
 1 SYSTEMPATH/CodeIgniter.php(933): App\Controllers\Home->index()
 2 SYSTEMPATH/CodeIgniter.php(509): CodeIgniter\CodeIgniter->runController()
 3 SYSTEMPATH/CodeIgniter.php(355): CodeIgniter\CodeIgniter->handleRequest()
 4 SYSTEMPATH/Boot.php(325): CodeIgniter\CodeIgniter->run()
 5 SYSTEMPATH/Boot.php(67): CodeIgniter\Boot::runCodeIgniter()
 6 FCPATH/index.php(56): CodeIgniter\Boot::bootWeb()
 7 SYSTEMPATH/Commands/Server/rewrite.php(49): require_once('/home/haslam/Documents/Pemrograman/php-programming/blogging-system/public/index.php')
CRITICAL - 2024-06-15 10:11:19 --> App\Exceptions\DatabaseOperationFailedExceptions: gagal
[Method: GET, Route: /]
in APPPATH/Controllers/Home.php on line 13.
 1 SYSTEMPATH/CodeIgniter.php(933): App\Controllers\Home->index()
 2 SYSTEMPATH/CodeIgniter.php(509): CodeIgniter\CodeIgniter->runController()
 3 SYSTEMPATH/CodeIgniter.php(355): CodeIgniter\CodeIgniter->handleRequest()
 4 SYSTEMPATH/Boot.php(325): CodeIgniter\CodeIgniter->run()
 5 SYSTEMPATH/Boot.php(67): CodeIgniter\Boot::runCodeIgniter()
 6 FCPATH/index.php(56): CodeIgniter\Boot::bootWeb()
 7 SYSTEMPATH/Commands/Server/rewrite.php(49): require_once('/home/haslam/Documents/Pemrograman/php-programming/blogging-system/public/index.php')
CRITICAL - 2024-06-15 10:15:33 --> App\Exceptions\DatabaseOperationFailedExceptions: gagal
[Method: GET, Route: /]
in APPPATH/Controllers/Home.php on line 13.
 1 SYSTEMPATH/CodeIgniter.php(933): App\Controllers\Home->index()
 2 SYSTEMPATH/CodeIgniter.php(509): CodeIgniter\CodeIgniter->runController()
 3 SYSTEMPATH/CodeIgniter.php(355): CodeIgniter\CodeIgniter->handleRequest()
 4 SYSTEMPATH/Boot.php(325): CodeIgniter\CodeIgniter->run()
 5 SYSTEMPATH/Boot.php(67): CodeIgniter\Boot::runCodeIgniter()
 6 FCPATH/index.php(56): CodeIgniter\Boot::bootWeb()
 7 SYSTEMPATH/Commands/Server/rewrite.php(49): require_once('/home/haslam/Documents/Pemrograman/php-programming/blogging-system/public/index.php')
