CRITICAL - 2024-06-13 04:04:45 --> CodeIgniter\View\Exceptions\ViewException: Invalid file: "layout/reader.php"
[Method: GET, Route: /]
in SYSTEMPATH/Exceptions/FrameworkException.php on line 41.
 1 SYSTEMPATH/View/View.php(222): CodeIgniter\Exceptions\FrameworkException::forInvalidFile()
 2 SYSTEMPATH/Common.php(1171): CodeIgniter\View\View->render()
 3 APPPATH/Controllers/Home.php(9): view()
 4 SYSTEMPATH/CodeIgniter.php(933): App\Controllers\Home->index()
 5 SYSTEMPATH/CodeIgniter.php(509): CodeIgniter\CodeIgniter->runController()
 6 SYSTEMPATH/CodeIgniter.php(355): CodeIgniter\CodeIgniter->handleRequest()
 7 SYSTEMPATH/Boot.php(325): CodeIgniter\CodeIgniter->run()
 8 SYSTEMPATH/Boot.php(67): CodeIgniter\Boot::runCodeIgniter()
 9 FCPATH/index.php(56): CodeIgniter\Boot::bootWeb()
10 SYSTEMPATH/Commands/Server/rewrite.php(49): require_once('/home/haslam/Documents/Pemrograman/php-programming/blogging-system/public/index.php')
CRITICAL - 2024-06-13 04:05:01 --> CodeIgniter\View\Exceptions\ViewException: Invalid file: "layout-cell/reader_navbar.php"
[Method: GET, Route: /]
in SYSTEMPATH/Exceptions/FrameworkException.php on line 41.
 1 SYSTEMPATH/View/View.php(222): CodeIgniter\Exceptions\FrameworkException::forInvalidFile()
 2 SYSTEMPATH/View/View.php(487): CodeIgniter\View\View->render()
 3 APPPATH/Views/layout/reader/reader.php(11): CodeIgniter\View\View->include()
 4 SYSTEMPATH/View/View.php(234): include('/home/haslam/Documents/Pemrograman/php-programming/blogging-system/app/Views/layout/reader/reader.php')
 5 SYSTEMPATH/View/View.php(237): CodeIgniter\View\View->CodeIgniter\View\{closure}()
 6 SYSTEMPATH/Common.php(1171): CodeIgniter\View\View->render()
 7 APPPATH/Controllers/Home.php(9): view()
 8 SYSTEMPATH/CodeIgniter.php(933): App\Controllers\Home->index()
 9 SYSTEMPATH/CodeIgniter.php(509): CodeIgniter\CodeIgniter->runController()
10 SYSTEMPATH/CodeIgniter.php(355): CodeIgniter\CodeIgniter->handleRequest()
11 SYSTEMPATH/Boot.php(325): CodeIgniter\CodeIgniter->run()
12 SYSTEMPATH/Boot.php(67): CodeIgniter\Boot::runCodeIgniter()
13 FCPATH/index.php(56): CodeIgniter\Boot::bootWeb()
14 SYSTEMPATH/Commands/Server/rewrite.php(49): require_once('/home/haslam/Documents/Pemrograman/php-programming/blogging-system/public/index.php')
CRITICAL - 2024-06-13 04:05:02 --> CodeIgniter\View\Exceptions\ViewException: Invalid file: "layout-cell/reader_navbar.php"
[Method: GET, Route: /]
in SYSTEMPATH/Exceptions/FrameworkException.php on line 41.
 1 SYSTEMPATH/View/View.php(222): CodeIgniter\Exceptions\FrameworkException::forInvalidFile()
 2 SYSTEMPATH/View/View.php(487): CodeIgniter\View\View->render()
 3 APPPATH/Views/layout/reader/reader.php(11): CodeIgniter\View\View->include()
 4 SYSTEMPATH/View/View.php(234): include('/home/haslam/Documents/Pemrograman/php-programming/blogging-system/app/Views/layout/reader/reader.php')
 5 SYSTEMPATH/View/View.php(237): CodeIgniter\View\View->CodeIgniter\View\{closure}()
 6 SYSTEMPATH/Common.php(1171): CodeIgniter\View\View->render()
 7 APPPATH/Controllers/Home.php(9): view()
 8 SYSTEMPATH/CodeIgniter.php(933): App\Controllers\Home->index()
 9 SYSTEMPATH/CodeIgniter.php(509): CodeIgniter\CodeIgniter->runController()
10 SYSTEMPATH/CodeIgniter.php(355): CodeIgniter\CodeIgniter->handleRequest()
11 SYSTEMPATH/Boot.php(325): CodeIgniter\CodeIgniter->run()
12 SYSTEMPATH/Boot.php(67): CodeIgniter\Boot::runCodeIgniter()
13 FCPATH/index.php(56): CodeIgniter\Boot::bootWeb()
14 SYSTEMPATH/Commands/Server/rewrite.php(49): require_once('/home/haslam/Documents/Pemrograman/php-programming/blogging-system/public/index.php')
CRITICAL - 2024-06-13 04:06:02 --> CodeIgniter\View\Exceptions\ViewException: Invalid file: "layout-cell/reader_navbar.php"
[Method: GET, Route: /]
in SYSTEMPATH/Exceptions/FrameworkException.php on line 41.
 1 SYSTEMPATH/View/View.php(222): CodeIgniter\Exceptions\FrameworkException::forInvalidFile()
 2 SYSTEMPATH/View/View.php(487): CodeIgniter\View\View->render()
 3 APPPATH/Views/layout/reader/reader.php(11): CodeIgniter\View\View->include()
 4 SYSTEMPATH/View/View.php(234): include('/home/haslam/Documents/Pemrograman/php-programming/blogging-system/app/Views/layout/reader/reader.php')
 5 SYSTEMPATH/View/View.php(237): CodeIgniter\View\View->CodeIgniter\View\{closure}()
 6 SYSTEMPATH/Common.php(1171): CodeIgniter\View\View->render()
 7 APPPATH/Controllers/Home.php(9): view()
 8 SYSTEMPATH/CodeIgniter.php(933): App\Controllers\Home->index()
 9 SYSTEMPATH/CodeIgniter.php(509): CodeIgniter\CodeIgniter->runController()
10 SYSTEMPATH/CodeIgniter.php(355): CodeIgniter\CodeIgniter->handleRequest()
11 SYSTEMPATH/Boot.php(325): CodeIgniter\CodeIgniter->run()
12 SYSTEMPATH/Boot.php(67): CodeIgniter\Boot::runCodeIgniter()
13 FCPATH/index.php(56): CodeIgniter\Boot::bootWeb()
14 SYSTEMPATH/Commands/Server/rewrite.php(49): require_once('/home/haslam/Documents/Pemrograman/php-programming/blogging-system/public/index.php')
CRITICAL - 2024-06-13 04:06:41 --> CodeIgniter\View\Exceptions\ViewException: Invalid file: "layout-cell/reader_navbar.php"
[Method: GET, Route: /]
in SYSTEMPATH/Exceptions/FrameworkException.php on line 41.
 1 SYSTEMPATH/View/View.php(222): CodeIgniter\Exceptions\FrameworkException::forInvalidFile()
 2 SYSTEMPATH/View/View.php(487): CodeIgniter\View\View->render()
 3 APPPATH/Views/layout/reader/reader.php(11): CodeIgniter\View\View->include()
 4 SYSTEMPATH/View/View.php(234): include('/home/haslam/Documents/Pemrograman/php-programming/blogging-system/app/Views/layout/reader/reader.php')
 5 SYSTEMPATH/View/View.php(237): CodeIgniter\View\View->CodeIgniter\View\{closure}()
 6 SYSTEMPATH/Common.php(1171): CodeIgniter\View\View->render()
 7 APPPATH/Controllers/Home.php(9): view()
 8 SYSTEMPATH/CodeIgniter.php(933): App\Controllers\Home->index()
 9 SYSTEMPATH/CodeIgniter.php(509): CodeIgniter\CodeIgniter->runController()
10 SYSTEMPATH/CodeIgniter.php(355): CodeIgniter\CodeIgniter->handleRequest()
11 SYSTEMPATH/Boot.php(325): CodeIgniter\CodeIgniter->run()
12 SYSTEMPATH/Boot.php(67): CodeIgniter\Boot::runCodeIgniter()
13 FCPATH/index.php(56): CodeIgniter\Boot::bootWeb()
14 SYSTEMPATH/Commands/Server/rewrite.php(49): require_once('/home/haslam/Documents/Pemrograman/php-programming/blogging-system/public/index.php')
CRITICAL - 2024-06-13 04:07:20 --> CodeIgniter\View\Exceptions\ViewException: Invalid file: "../layout-cell/reader_navbar.php"
[Method: GET, Route: /]
in SYSTEMPATH/Exceptions/FrameworkException.php on line 41.
 1 SYSTEMPATH/View/View.php(222): CodeIgniter\Exceptions\FrameworkException::forInvalidFile()
 2 SYSTEMPATH/View/View.php(487): CodeIgniter\View\View->render()
 3 APPPATH/Views/layout/reader/reader.php(11): CodeIgniter\View\View->include()
 4 SYSTEMPATH/View/View.php(234): include('/home/haslam/Documents/Pemrograman/php-programming/blogging-system/app/Views/layout/reader/reader.php')
 5 SYSTEMPATH/View/View.php(237): CodeIgniter\View\View->CodeIgniter\View\{closure}()
 6 SYSTEMPATH/Common.php(1171): CodeIgniter\View\View->render()
 7 APPPATH/Controllers/Home.php(9): view()
 8 SYSTEMPATH/CodeIgniter.php(933): App\Controllers\Home->index()
 9 SYSTEMPATH/CodeIgniter.php(509): CodeIgniter\CodeIgniter->runController()
10 SYSTEMPATH/CodeIgniter.php(355): CodeIgniter\CodeIgniter->handleRequest()
11 SYSTEMPATH/Boot.php(325): CodeIgniter\CodeIgniter->run()
12 SYSTEMPATH/Boot.php(67): CodeIgniter\Boot::runCodeIgniter()
13 FCPATH/index.php(56): CodeIgniter\Boot::bootWeb()
14 SYSTEMPATH/Commands/Server/rewrite.php(49): require_once('/home/haslam/Documents/Pemrograman/php-programming/blogging-system/public/index.php')
CRITICAL - 2024-06-13 10:50:55 --> CodeIgniter\View\Exceptions\ViewException: Invalid file: "errors/custom_error_404.php"
[Method: GET, Route: error/]
in SYSTEMPATH/Exceptions/FrameworkException.php on line 41.
 1 SYSTEMPATH/View/View.php(222): CodeIgniter\Exceptions\FrameworkException::forInvalidFile()
 2 SYSTEMPATH/Common.php(1171): CodeIgniter\View\View->render()
 3 APPPATH/Config/Routes.php(11): view()
 4 SYSTEMPATH/CodeIgniter.php(955): CodeIgniter\Router\RouteCollection->{closure}()
 5 SYSTEMPATH/CodeIgniter.php(364): CodeIgniter\CodeIgniter->display404errors()
 6 SYSTEMPATH/Boot.php(325): CodeIgniter\CodeIgniter->run()
 7 SYSTEMPATH/Boot.php(67): CodeIgniter\Boot::runCodeIgniter()
 8 FCPATH/index.php(56): CodeIgniter\Boot::bootWeb()
 9 SYSTEMPATH/Commands/Server/rewrite.php(49): require_once('/home/haslam/Documents/Pemrograman/php-programming/blogging-system/public/index.php')
CRITICAL - 2024-06-13 10:51:38 --> CodeIgniter\View\Exceptions\ViewException: Invalid file: "errors/custom_error_404.php"
[Method: GET, Route: error/404]
in SYSTEMPATH/Exceptions/FrameworkException.php on line 41.
 1 SYSTEMPATH/View/View.php(222): CodeIgniter\Exceptions\FrameworkException::forInvalidFile()
 2 SYSTEMPATH/Common.php(1171): CodeIgniter\View\View->render()
 3 APPPATH/Config/Routes.php(11): view()
 4 SYSTEMPATH/CodeIgniter.php(955): CodeIgniter\Router\RouteCollection->{closure}()
 5 SYSTEMPATH/CodeIgniter.php(364): CodeIgniter\CodeIgniter->display404errors()
 6 SYSTEMPATH/Boot.php(325): CodeIgniter\CodeIgniter->run()
 7 SYSTEMPATH/Boot.php(67): CodeIgniter\Boot::runCodeIgniter()
 8 FCPATH/index.php(56): CodeIgniter\Boot::bootWeb()
 9 SYSTEMPATH/Commands/Server/rewrite.php(49): require_once('/home/haslam/Documents/Pemrograman/php-programming/blogging-system/public/index.php')
CRITICAL - 2024-06-13 13:23:40 --> Error: Typed property App\Entities\User::$username must not be accessed before initialization
[Method: GET, Route: /]
in APPPATH/Entities/User.php on line 50.
 1 APPPATH/Controllers/Home.php(16): App\Entities\User->getUsername()
 2 SYSTEMPATH/CodeIgniter.php(933): App\Controllers\Home->index()
 3 SYSTEMPATH/CodeIgniter.php(509): CodeIgniter\CodeIgniter->runController()
 4 SYSTEMPATH/CodeIgniter.php(355): CodeIgniter\CodeIgniter->handleRequest()
 5 SYSTEMPATH/Boot.php(325): CodeIgniter\CodeIgniter->run()
 6 SYSTEMPATH/Boot.php(67): CodeIgniter\Boot::runCodeIgniter()
 7 FCPATH/index.php(56): CodeIgniter\Boot::bootWeb()
 8 SYSTEMPATH/Commands/Server/rewrite.php(49): require_once('/home/haslam/Documents/Pemrograman/php-programming/blogging-system/public/index.php')
CRITICAL - 2024-06-13 13:24:33 --> Error: Typed property App\Entities\User::$username must not be accessed before initialization
[Method: GET, Route: /]
in APPPATH/Entities/User.php on line 50.
 1 SYSTEMPATH/Entity/Entity.php(492): App\Entities\User->getUsername()
 2 APPPATH/Controllers/Home.php(16): CodeIgniter\Entity\Entity->__get()
 3 SYSTEMPATH/CodeIgniter.php(933): App\Controllers\Home->index()
 4 SYSTEMPATH/CodeIgniter.php(509): CodeIgniter\CodeIgniter->runController()
 5 SYSTEMPATH/CodeIgniter.php(355): CodeIgniter\CodeIgniter->handleRequest()
 6 SYSTEMPATH/Boot.php(325): CodeIgniter\CodeIgniter->run()
 7 SYSTEMPATH/Boot.php(67): CodeIgniter\Boot::runCodeIgniter()
 8 FCPATH/index.php(56): CodeIgniter\Boot::bootWeb()
 9 SYSTEMPATH/Commands/Server/rewrite.php(49): require_once('/home/haslam/Documents/Pemrograman/php-programming/blogging-system/public/index.php')
CRITICAL - 2024-06-13 13:24:34 --> Error: Typed property App\Entities\User::$username must not be accessed before initialization
[Method: GET, Route: /]
in APPPATH/Entities/User.php on line 50.
 1 SYSTEMPATH/Entity/Entity.php(492): App\Entities\User->getUsername()
 2 APPPATH/Controllers/Home.php(16): CodeIgniter\Entity\Entity->__get()
 3 SYSTEMPATH/CodeIgniter.php(933): App\Controllers\Home->index()
 4 SYSTEMPATH/CodeIgniter.php(509): CodeIgniter\CodeIgniter->runController()
 5 SYSTEMPATH/CodeIgniter.php(355): CodeIgniter\CodeIgniter->handleRequest()
 6 SYSTEMPATH/Boot.php(325): CodeIgniter\CodeIgniter->run()
 7 SYSTEMPATH/Boot.php(67): CodeIgniter\Boot::runCodeIgniter()
 8 FCPATH/index.php(56): CodeIgniter\Boot::bootWeb()
 9 SYSTEMPATH/Commands/Server/rewrite.php(49): require_once('/home/haslam/Documents/Pemrograman/php-programming/blogging-system/public/index.php')
CRITICAL - 2024-06-13 13:25:10 --> Error: Typed property App\Entities\User::$username must not be accessed before initialization
[Method: GET, Route: /]
in APPPATH/Entities/User.php on line 50.
 1 SYSTEMPATH/Entity/Entity.php(492): App\Entities\User->getUsername()
 2 APPPATH/Controllers/Home.php(16): CodeIgniter\Entity\Entity->__get()
 3 SYSTEMPATH/CodeIgniter.php(933): App\Controllers\Home->index()
 4 SYSTEMPATH/CodeIgniter.php(509): CodeIgniter\CodeIgniter->runController()
 5 SYSTEMPATH/CodeIgniter.php(355): CodeIgniter\CodeIgniter->handleRequest()
 6 SYSTEMPATH/Boot.php(325): CodeIgniter\CodeIgniter->run()
 7 SYSTEMPATH/Boot.php(67): CodeIgniter\Boot::runCodeIgniter()
 8 FCPATH/index.php(56): CodeIgniter\Boot::bootWeb()
 9 SYSTEMPATH/Commands/Server/rewrite.php(49): require_once('/home/haslam/Documents/Pemrograman/php-programming/blogging-system/public/index.php')
CRITICAL - 2024-06-13 13:25:28 --> Error: Cannot use object of type App\Entities\User as array
[Method: GET, Route: /]
in APPPATH/Controllers/Home.php on line 16.
 1 SYSTEMPATH/CodeIgniter.php(933): App\Controllers\Home->index()
 2 SYSTEMPATH/CodeIgniter.php(509): CodeIgniter\CodeIgniter->runController()
 3 SYSTEMPATH/CodeIgniter.php(355): CodeIgniter\CodeIgniter->handleRequest()
 4 SYSTEMPATH/Boot.php(325): CodeIgniter\CodeIgniter->run()
 5 SYSTEMPATH/Boot.php(67): CodeIgniter\Boot::runCodeIgniter()
 6 FCPATH/index.php(56): CodeIgniter\Boot::bootWeb()
 7 SYSTEMPATH/Commands/Server/rewrite.php(49): require_once('/home/haslam/Documents/Pemrograman/php-programming/blogging-system/public/index.php')
CRITICAL - 2024-06-13 13:25:29 --> Error: Cannot use object of type App\Entities\User as array
[Method: GET, Route: /]
in APPPATH/Controllers/Home.php on line 16.
 1 SYSTEMPATH/CodeIgniter.php(933): App\Controllers\Home->index()
 2 SYSTEMPATH/CodeIgniter.php(509): CodeIgniter\CodeIgniter->runController()
 3 SYSTEMPATH/CodeIgniter.php(355): CodeIgniter\CodeIgniter->handleRequest()
 4 SYSTEMPATH/Boot.php(325): CodeIgniter\CodeIgniter->run()
 5 SYSTEMPATH/Boot.php(67): CodeIgniter\Boot::runCodeIgniter()
 6 FCPATH/index.php(56): CodeIgniter\Boot::bootWeb()
 7 SYSTEMPATH/Commands/Server/rewrite.php(49): require_once('/home/haslam/Documents/Pemrograman/php-programming/blogging-system/public/index.php')
CRITICAL - 2024-06-13 13:25:41 --> TypeError: App\Controllers\Home::index(): Return value must be of type string, App\Entities\User returned
[Method: GET, Route: /]
in APPPATH/Controllers/Home.php on line 16.
 1 SYSTEMPATH/CodeIgniter.php(933): App\Controllers\Home->index()
 2 SYSTEMPATH/CodeIgniter.php(509): CodeIgniter\CodeIgniter->runController()
 3 SYSTEMPATH/CodeIgniter.php(355): CodeIgniter\CodeIgniter->handleRequest()
 4 SYSTEMPATH/Boot.php(325): CodeIgniter\CodeIgniter->run()
 5 SYSTEMPATH/Boot.php(67): CodeIgniter\Boot::runCodeIgniter()
 6 FCPATH/index.php(56): CodeIgniter\Boot::bootWeb()
 7 SYSTEMPATH/Commands/Server/rewrite.php(49): require_once('/home/haslam/Documents/Pemrograman/php-programming/blogging-system/public/index.php')
CRITICAL - 2024-06-13 13:25:42 --> TypeError: App\Controllers\Home::index(): Return value must be of type string, App\Entities\User returned
[Method: GET, Route: /]
in APPPATH/Controllers/Home.php on line 16.
 1 SYSTEMPATH/CodeIgniter.php(933): App\Controllers\Home->index()
 2 SYSTEMPATH/CodeIgniter.php(509): CodeIgniter\CodeIgniter->runController()
 3 SYSTEMPATH/CodeIgniter.php(355): CodeIgniter\CodeIgniter->handleRequest()
 4 SYSTEMPATH/Boot.php(325): CodeIgniter\CodeIgniter->run()
 5 SYSTEMPATH/Boot.php(67): CodeIgniter\Boot::runCodeIgniter()
 6 FCPATH/index.php(56): CodeIgniter\Boot::bootWeb()
 7 SYSTEMPATH/Commands/Server/rewrite.php(49): require_once('/home/haslam/Documents/Pemrograman/php-programming/blogging-system/public/index.php')
CRITICAL - 2024-06-13 13:26:41 --> Error: Typed property App\Entities\User::$username must not be accessed before initialization
[Method: GET, Route: /]
in APPPATH/Entities/User.php on line 50.
 1 SYSTEMPATH/Entity/Entity.php(492): App\Entities\User->getUsername()
 2 APPPATH/Controllers/Home.php(16): CodeIgniter\Entity\Entity->__get()
 3 SYSTEMPATH/CodeIgniter.php(933): App\Controllers\Home->index()
 4 SYSTEMPATH/CodeIgniter.php(509): CodeIgniter\CodeIgniter->runController()
 5 SYSTEMPATH/CodeIgniter.php(355): CodeIgniter\CodeIgniter->handleRequest()
 6 SYSTEMPATH/Boot.php(325): CodeIgniter\CodeIgniter->run()
 7 SYSTEMPATH/Boot.php(67): CodeIgniter\Boot::runCodeIgniter()
 8 FCPATH/index.php(56): CodeIgniter\Boot::bootWeb()
 9 SYSTEMPATH/Commands/Server/rewrite.php(49): require_once('/home/haslam/Documents/Pemrograman/php-programming/blogging-system/public/index.php')
CRITICAL - 2024-06-13 13:26:52 --> Error: Cannot use object of type App\Entities\User as array
[Method: GET, Route: /]
in APPPATH/Controllers/Home.php on line 16.
 1 SYSTEMPATH/CodeIgniter.php(933): App\Controllers\Home->index()
 2 SYSTEMPATH/CodeIgniter.php(509): CodeIgniter\CodeIgniter->runController()
 3 SYSTEMPATH/CodeIgniter.php(355): CodeIgniter\CodeIgniter->handleRequest()
 4 SYSTEMPATH/Boot.php(325): CodeIgniter\CodeIgniter->run()
 5 SYSTEMPATH/Boot.php(67): CodeIgniter\Boot::runCodeIgniter()
 6 FCPATH/index.php(56): CodeIgniter\Boot::bootWeb()
 7 SYSTEMPATH/Commands/Server/rewrite.php(49): require_once('/home/haslam/Documents/Pemrograman/php-programming/blogging-system/public/index.php')
CRITICAL - 2024-06-13 13:40:50 --> Error: Typed property App\Entities\User::$username must not be accessed before initialization
[Method: GET, Route: /]
in APPPATH/Entities/User.php on line 50.
 1 SYSTEMPATH/Entity/Entity.php(492): App\Entities\User->getUsername()
 2 APPPATH/Controllers/Home.php(16): CodeIgniter\Entity\Entity->__get()
 3 SYSTEMPATH/CodeIgniter.php(933): App\Controllers\Home->index()
 4 SYSTEMPATH/CodeIgniter.php(509): CodeIgniter\CodeIgniter->runController()
 5 SYSTEMPATH/CodeIgniter.php(355): CodeIgniter\CodeIgniter->handleRequest()
 6 SYSTEMPATH/Boot.php(325): CodeIgniter\CodeIgniter->run()
 7 SYSTEMPATH/Boot.php(67): CodeIgniter\Boot::runCodeIgniter()
 8 FCPATH/index.php(56): CodeIgniter\Boot::bootWeb()
 9 SYSTEMPATH/Commands/Server/rewrite.php(49): require_once('/home/haslam/Documents/Pemrograman/php-programming/blogging-system/public/index.php')
