CRITICAL - 2024-06-16 00:22:42 --> App\Exceptions\UserNotFoundExceptions: user tidak ditemukan username dsademail yolanda@gmail.com
[Method: POST, Route: user/register]
in APPPATH/Models/UserModel.php on line 31.
 1 APPPATH/Services/AuthServices.php(35): App\Models\UserModel->getUserByUsernameAndEmail()
 2 APPPATH/Controllers/Auth/Register.php(47): App\Services\AuthServices->register()
 3 SYSTEMPATH/CodeIgniter.php(933): App\Controllers\Auth\Register->postRegister()
 4 SYSTEMPATH/CodeIgniter.php(509): CodeIgniter\CodeIgniter->runController()
 5 SYSTEMPATH/CodeIgniter.php(355): CodeIgniter\CodeIgniter->handleRequest()
 6 SYSTEMPATH/Boot.php(325): CodeIgniter\CodeIgniter->run()
 7 SYSTEMPATH/Boot.php(67): CodeIgniter\Boot::runCodeIgniter()
 8 FCPATH/index.php(56): CodeIgniter\Boot::bootWeb()
 9 SYSTEMPATH/Commands/Server/rewrite.php(49): require_once('/home/haslam/Documents/Pemrograman/php-programming/blogging-system/public/index.php')
INFO - 2024-06-16 00:24:22 --> CSRF token verified.
CRITICAL - 2024-06-16 00:24:22 --> App\Exceptions\UserNotFoundExceptions: user tidak ditemukan username dsademail yolanda@gmail.com
[Method: POST, Route: user/register]
in APPPATH/Models/UserModel.php on line 31.
 1 APPPATH/Services/AuthServices.php(35): App\Models\UserModel->getUserByUsernameAndEmail()
 2 APPPATH/Controllers/Auth/Register.php(47): App\Services\AuthServices->register()
 3 SYSTEMPATH/CodeIgniter.php(933): App\Controllers\Auth\Register->postRegister()
 4 SYSTEMPATH/CodeIgniter.php(509): CodeIgniter\CodeIgniter->runController()
 5 SYSTEMPATH/CodeIgniter.php(355): CodeIgniter\CodeIgniter->handleRequest()
 6 SYSTEMPATH/Boot.php(325): CodeIgniter\CodeIgniter->run()
 7 SYSTEMPATH/Boot.php(67): CodeIgniter\Boot::runCodeIgniter()
 8 FCPATH/index.php(56): CodeIgniter\Boot::bootWeb()
 9 SYSTEMPATH/Commands/Server/rewrite.php(49): require_once('/home/haslam/Documents/Pemrograman/php-programming/blogging-system/public/index.php')
INFO - 2024-06-16 00:28:50 --> CSRF token verified.
CRITICAL - 2024-06-16 00:28:50 --> TypeError: App\Models\UserModel::getUserByUsernameAndEmail(): Return value must be of type array, null returned
[Method: POST, Route: user/register]
in APPPATH/Models/UserModel.php on line 35.
 1 APPPATH/Services/AuthServices.php(37): App\Models\UserModel->getUserByUsernameAndEmail()
 2 APPPATH/Controllers/Auth/Register.php(48): App\Services\AuthServices->register()
 3 SYSTEMPATH/CodeIgniter.php(933): App\Controllers\Auth\Register->postRegister()
 4 SYSTEMPATH/CodeIgniter.php(509): CodeIgniter\CodeIgniter->runController()
 5 SYSTEMPATH/CodeIgniter.php(355): CodeIgniter\CodeIgniter->handleRequest()
 6 SYSTEMPATH/Boot.php(325): CodeIgniter\CodeIgniter->run()
 7 SYSTEMPATH/Boot.php(67): CodeIgniter\Boot::runCodeIgniter()
 8 FCPATH/index.php(56): CodeIgniter\Boot::bootWeb()
 9 SYSTEMPATH/Commands/Server/rewrite.php(49): require_once('/home/haslam/Documents/Pemrograman/php-programming/blogging-system/public/index.php')
INFO - 2024-06-16 00:29:31 --> CSRF token verified.
CRITICAL - 2024-06-16 00:29:31 --> CodeIgniter\Database\Exceptions\DataException: There is no primary key defined when trying to make insert.
[Method: POST, Route: user/register]
in SYSTEMPATH/Model.php on line 358.
 1 SYSTEMPATH/Model.php(358): CodeIgniter\Database\Exceptions\DataException::forEmptyPrimaryKey()
 2 SYSTEMPATH/BaseModel.php(840): CodeIgniter\Model->doInsert()
 3 SYSTEMPATH/Model.php(802): CodeIgniter\BaseModel->insert()
 4 SYSTEMPATH/BaseModel.php(751): CodeIgniter\Model->insert()
 5 APPPATH/Services/AuthServices.php(48): CodeIgniter\BaseModel->save()
 6 APPPATH/Controllers/Auth/Register.php(48): App\Services\AuthServices->register()
 7 SYSTEMPATH/CodeIgniter.php(933): App\Controllers\Auth\Register->postRegister()
 8 SYSTEMPATH/CodeIgniter.php(509): CodeIgniter\CodeIgniter->runController()
 9 SYSTEMPATH/CodeIgniter.php(355): CodeIgniter\CodeIgniter->handleRequest()
10 SYSTEMPATH/Boot.php(325): CodeIgniter\CodeIgniter->run()
11 SYSTEMPATH/Boot.php(67): CodeIgniter\Boot::runCodeIgniter()
12 FCPATH/index.php(56): CodeIgniter\Boot::bootWeb()
13 SYSTEMPATH/Commands/Server/rewrite.php(49): require_once('/home/haslam/Documents/Pemrograman/php-programming/blogging-system/public/index.php')
INFO - 2024-06-16 00:30:30 --> CSRF token verified.
INFO - 2024-06-16 00:30:30 --> Session: Class initialized using 'CodeIgniter\Session\Handlers\FileHandler' driver.
INFO - 2024-06-16 00:30:30 --> Session: Class initialized using 'CodeIgniter\Session\Handlers\FileHandler' driver.
INFO - 2024-06-16 00:39:50 --> Session: Class initialized using 'CodeIgniter\Session\Handlers\FileHandler' driver.
INFO - 2024-06-16 00:40:00 --> CSRF token verified.
INFO - 2024-06-16 00:40:00 --> Session: Class initialized using 'CodeIgniter\Session\Handlers\FileHandler' driver.
INFO - 2024-06-16 00:40:00 --> Session: Class initialized using 'CodeIgniter\Session\Handlers\FileHandler' driver.
INFO - 2024-06-16 00:41:40 --> Session: Class initialized using 'CodeIgniter\Session\Handlers\FileHandler' driver.
INFO - 2024-06-16 00:41:48 --> CSRF token verified.
INFO - 2024-06-16 00:41:48 --> Session: Class initialized using 'CodeIgniter\Session\Handlers\FileHandler' driver.
INFO - 2024-06-16 00:41:48 --> Session: Class initialized using 'CodeIgniter\Session\Handlers\FileHandler' driver.
INFO - 2024-06-16 00:42:00 --> Session: Class initialized using 'CodeIgniter\Session\Handlers\FileHandler' driver.
INFO - 2024-06-16 00:43:09 --> CSRF token verified.
INFO - 2024-06-16 00:43:09 --> Session: Class initialized using 'CodeIgniter\Session\Handlers\FileHandler' driver.
INFO - 2024-06-16 00:43:09 --> Session: Class initialized using 'CodeIgniter\Session\Handlers\FileHandler' driver.
INFO - 2024-06-16 00:43:39 --> CSRF token verified.
INFO - 2024-06-16 00:43:39 --> Session: Class initialized using 'CodeIgniter\Session\Handlers\FileHandler' driver.
INFO - 2024-06-16 00:43:39 --> Session: Class initialized using 'CodeIgniter\Session\Handlers\FileHandler' driver.
INFO - 2024-06-16 00:44:23 --> Session: Class initialized using 'CodeIgniter\Session\Handlers\FileHandler' driver.
INFO - 2024-06-16 00:44:35 --> CSRF token verified.
INFO - 2024-06-16 00:44:36 --> Session: Class initialized using 'CodeIgniter\Session\Handlers\FileHandler' driver.
INFO - 2024-06-16 00:44:36 --> Session: Class initialized using 'CodeIgniter\Session\Handlers\FileHandler' driver.
INFO - 2024-06-16 00:45:43 --> Session: Class initialized using 'CodeIgniter\Session\Handlers\FileHandler' driver.
INFO - 2024-06-16 00:45:53 --> CSRF token verified.
CRITICAL - 2024-06-16 00:45:53 --> ErrorException: Array to string conversion
[Method: POST, Route: user/register]
in VENDORPATH/monolog/monolog/src/Monolog/Logger.php on line 611.
 1 VENDORPATH/monolog/monolog/src/Monolog/Logger.php(611): CodeIgniter\Debug\Exceptions->errorHandler()
 2 APPPATH/Services/AuthServices.php(40): Monolog\Logger->info()
 3 APPPATH/Controllers/Auth/Register.php(48): App\Services\AuthServices->register()
 4 SYSTEMPATH/CodeIgniter.php(933): App\Controllers\Auth\Register->postRegister()
 5 SYSTEMPATH/CodeIgniter.php(509): CodeIgniter\CodeIgniter->runController()
 6 SYSTEMPATH/CodeIgniter.php(355): CodeIgniter\CodeIgniter->handleRequest()
 7 SYSTEMPATH/Boot.php(325): CodeIgniter\CodeIgniter->run()
 8 SYSTEMPATH/Boot.php(67): CodeIgniter\Boot::runCodeIgniter()
 9 FCPATH/index.php(56): CodeIgniter\Boot::bootWeb()
10 SYSTEMPATH/Commands/Server/rewrite.php(49): require_once('/home/haslam/Documents/Pemrograman/php-programming/blogging-system/public/index.php')
INFO - 2024-06-16 00:46:28 --> CSRF token verified.
INFO - 2024-06-16 00:46:28 --> Session: Class initialized using 'CodeIgniter\Session\Handlers\FileHandler' driver.
INFO - 2024-06-16 00:46:28 --> Session: Class initialized using 'CodeIgniter\Session\Handlers\FileHandler' driver.
INFO - 2024-06-16 00:55:04 --> Session: Class initialized using 'CodeIgniter\Session\Handlers\FileHandler' driver.
INFO - 2024-06-16 00:55:20 --> CSRF token verified.
INFO - 2024-06-16 00:55:20 --> Session: Class initialized using 'CodeIgniter\Session\Handlers\FileHandler' driver.
INFO - 2024-06-16 00:55:20 --> Session: Class initialized using 'CodeIgniter\Session\Handlers\FileHandler' driver.
INFO - 2024-06-16 01:02:01 --> Session: Class initialized using 'CodeIgniter\Session\Handlers\FileHandler' driver.
INFO - 2024-06-16 01:03:09 --> CSRF token verified.
CRITICAL - 2024-06-16 01:03:09 --> ErrorException: Attempt to read property "is_used" on array
[Method: POST, Route: user/register]
in APPPATH/Services/LicenseServices.php on line 32.
 1 APPPATH/Services/LicenseServices.php(32): CodeIgniter\Debug\Exceptions->errorHandler()
 2 APPPATH/Controllers/Auth/Register.php(71): App\Services\LicenseServices->validateLicense()
 3 APPPATH/Controllers/Auth/Register.php(40): App\Controllers\Auth\Register->validateRegisterLicense()
 4 SYSTEMPATH/CodeIgniter.php(933): App\Controllers\Auth\Register->postRegister()
 5 SYSTEMPATH/CodeIgniter.php(509): CodeIgniter\CodeIgniter->runController()
 6 SYSTEMPATH/CodeIgniter.php(355): CodeIgniter\CodeIgniter->handleRequest()
 7 SYSTEMPATH/Boot.php(325): CodeIgniter\CodeIgniter->run()
 8 SYSTEMPATH/Boot.php(67): CodeIgniter\Boot::runCodeIgniter()
 9 FCPATH/index.php(56): CodeIgniter\Boot::bootWeb()
10 SYSTEMPATH/Commands/Server/rewrite.php(49): require_once('/home/haslam/Documents/Pemrograman/php-programming/blogging-system/public/index.php')
INFO - 2024-06-16 01:05:08 --> CSRF token verified.
CRITICAL - 2024-06-16 01:05:08 --> ErrorException: Attempt to read property "is_used" on array
[Method: POST, Route: user/register]
in APPPATH/Services/LicenseServices.php on line 32.
 1 APPPATH/Services/LicenseServices.php(32): CodeIgniter\Debug\Exceptions->errorHandler()
 2 APPPATH/Controllers/Auth/Register.php(71): App\Services\LicenseServices->validateLicense()
 3 APPPATH/Controllers/Auth/Register.php(40): App\Controllers\Auth\Register->validateRegisterLicense()
 4 SYSTEMPATH/CodeIgniter.php(933): App\Controllers\Auth\Register->postRegister()
 5 SYSTEMPATH/CodeIgniter.php(509): CodeIgniter\CodeIgniter->runController()
 6 SYSTEMPATH/CodeIgniter.php(355): CodeIgniter\CodeIgniter->handleRequest()
 7 SYSTEMPATH/Boot.php(325): CodeIgniter\CodeIgniter->run()
 8 SYSTEMPATH/Boot.php(67): CodeIgniter\Boot::runCodeIgniter()
 9 FCPATH/index.php(56): CodeIgniter\Boot::bootWeb()
10 SYSTEMPATH/Commands/Server/rewrite.php(49): require_once('/home/haslam/Documents/Pemrograman/php-programming/blogging-system/public/index.php')
INFO - 2024-06-16 01:05:42 --> CSRF token verified.
INFO - 2024-06-16 01:05:42 --> Session: Class initialized using 'CodeIgniter\Session\Handlers\FileHandler' driver.
INFO - 2024-06-16 01:05:42 --> Session: Class initialized using 'CodeIgniter\Session\Handlers\FileHandler' driver.
INFO - 2024-06-16 01:07:33 --> CSRF token verified.
CRITICAL - 2024-06-16 01:07:33 --> CodeIgniter\Database\Exceptions\DataException: There is no data to update.
[Method: POST, Route: user/register]
in SYSTEMPATH/BaseModel.php on line 1011.
 1 SYSTEMPATH/BaseModel.php(1011): CodeIgniter\Database\Exceptions\DataException::forEmptyDataset()
 2 SYSTEMPATH/Model.php(865): CodeIgniter\BaseModel->update()
 3 APPPATH/Services/LicenseServices.php(53): CodeIgniter\Model->update()
 4 APPPATH/Controllers/Auth/Register.php(50): App\Services\LicenseServices->activateUserRegister()
 5 SYSTEMPATH/CodeIgniter.php(933): App\Controllers\Auth\Register->postRegister()
 6 SYSTEMPATH/CodeIgniter.php(509): CodeIgniter\CodeIgniter->runController()
 7 SYSTEMPATH/CodeIgniter.php(355): CodeIgniter\CodeIgniter->handleRequest()
 8 SYSTEMPATH/Boot.php(325): CodeIgniter\CodeIgniter->run()
 9 SYSTEMPATH/Boot.php(67): CodeIgniter\Boot::runCodeIgniter()
10 FCPATH/index.php(56): CodeIgniter\Boot::bootWeb()
11 SYSTEMPATH/Commands/Server/rewrite.php(49): require_once('/home/haslam/Documents/Pemrograman/php-programming/blogging-system/public/index.php')
INFO - 2024-06-16 01:21:35 --> CSRF token verified.
INFO - 2024-06-16 01:21:35 --> Session: Class initialized using 'CodeIgniter\Session\Handlers\FileHandler' driver.
INFO - 2024-06-16 01:21:35 --> Session: Class initialized using 'CodeIgniter\Session\Handlers\FileHandler' driver.
INFO - 2024-06-16 01:21:53 --> Session: Class initialized using 'CodeIgniter\Session\Handlers\FileHandler' driver.
INFO - 2024-06-16 01:22:18 --> CSRF token verified.
CRITICAL - 2024-06-16 01:22:18 --> CodeIgniter\Database\Exceptions\DataException: There is no data to update.
[Method: POST, Route: user/register]
in SYSTEMPATH/BaseModel.php on line 1011.
 1 SYSTEMPATH/BaseModel.php(1011): CodeIgniter\Database\Exceptions\DataException::forEmptyDataset()
 2 SYSTEMPATH/Model.php(865): CodeIgniter\BaseModel->update()
 3 APPPATH/Services/LicenseServices.php(57): CodeIgniter\Model->update()
 4 APPPATH/Controllers/Auth/Register.php(50): App\Services\LicenseServices->activateUserRegister()
 5 SYSTEMPATH/CodeIgniter.php(933): App\Controllers\Auth\Register->postRegister()
 6 SYSTEMPATH/CodeIgniter.php(509): CodeIgniter\CodeIgniter->runController()
 7 SYSTEMPATH/CodeIgniter.php(355): CodeIgniter\CodeIgniter->handleRequest()
 8 SYSTEMPATH/Boot.php(325): CodeIgniter\CodeIgniter->run()
 9 SYSTEMPATH/Boot.php(67): CodeIgniter\Boot::runCodeIgniter()
10 FCPATH/index.php(56): CodeIgniter\Boot::bootWeb()
11 SYSTEMPATH/Commands/Server/rewrite.php(49): require_once('/home/haslam/Documents/Pemrograman/php-programming/blogging-system/public/index.php')
INFO - 2024-06-16 01:23:00 --> CSRF token verified.
INFO - 2024-06-16 01:23:00 --> Session: Class initialized using 'CodeIgniter\Session\Handlers\FileHandler' driver.
INFO - 2024-06-16 01:23:00 --> Session: Class initialized using 'CodeIgniter\Session\Handlers\FileHandler' driver.
INFO - 2024-06-16 01:23:31 --> CSRF token verified.
CRITICAL - 2024-06-16 01:23:31 --> CodeIgniter\Database\Exceptions\DataException: There is no data to update.
[Method: POST, Route: user/register]
in SYSTEMPATH/BaseModel.php on line 1011.
 1 SYSTEMPATH/BaseModel.php(1011): CodeIgniter\Database\Exceptions\DataException::forEmptyDataset()
 2 SYSTEMPATH/Model.php(865): CodeIgniter\BaseModel->update()
 3 APPPATH/Services/LicenseServices.php(55): CodeIgniter\Model->update()
 4 APPPATH/Controllers/Auth/Register.php(50): App\Services\LicenseServices->activateUserRegister()
 5 SYSTEMPATH/CodeIgniter.php(933): App\Controllers\Auth\Register->postRegister()
 6 SYSTEMPATH/CodeIgniter.php(509): CodeIgniter\CodeIgniter->runController()
 7 SYSTEMPATH/CodeIgniter.php(355): CodeIgniter\CodeIgniter->handleRequest()
 8 SYSTEMPATH/Boot.php(325): CodeIgniter\CodeIgniter->run()
 9 SYSTEMPATH/Boot.php(67): CodeIgniter\Boot::runCodeIgniter()
10 FCPATH/index.php(56): CodeIgniter\Boot::bootWeb()
11 SYSTEMPATH/Commands/Server/rewrite.php(49): require_once('/home/haslam/Documents/Pemrograman/php-programming/blogging-system/public/index.php')
INFO - 2024-06-16 01:24:39 --> Session: Class initialized using 'CodeIgniter\Session\Handlers\FileHandler' driver.
INFO - 2024-06-16 01:24:48 --> Session: Class initialized using 'CodeIgniter\Session\Handlers\FileHandler' driver.
INFO - 2024-06-16 01:25:09 --> CSRF token verified.
INFO - 2024-06-16 01:25:09 --> Session: Class initialized using 'CodeIgniter\Session\Handlers\FileHandler' driver.
INFO - 2024-06-16 01:25:10 --> Session: Class initialized using 'CodeIgniter\Session\Handlers\FileHandler' driver.
INFO - 2024-06-16 01:25:53 --> CSRF token verified.
INFO - 2024-06-16 01:42:37 --> Session: Class initialized using 'CodeIgniter\Session\Handlers\FileHandler' driver.
INFO - 2024-06-16 01:44:10 --> Session: Class initialized using 'CodeIgniter\Session\Handlers\FileHandler' driver.
INFO - 2024-06-16 01:44:10 --> Session: Class initialized using 'CodeIgniter\Session\Handlers\FileHandler' driver.
INFO - 2024-06-16 01:44:11 --> Session: Class initialized using 'CodeIgniter\Session\Handlers\FileHandler' driver.
INFO - 2024-06-16 01:44:11 --> Session: Class initialized using 'CodeIgniter\Session\Handlers\FileHandler' driver.
INFO - 2024-06-16 01:44:11 --> Session: Class initialized using 'CodeIgniter\Session\Handlers\FileHandler' driver.
INFO - 2024-06-16 01:44:11 --> Session: Class initialized using 'CodeIgniter\Session\Handlers\FileHandler' driver.
INFO - 2024-06-16 01:44:11 --> Session: Class initialized using 'CodeIgniter\Session\Handlers\FileHandler' driver.
INFO - 2024-06-16 01:44:11 --> Session: Class initialized using 'CodeIgniter\Session\Handlers\FileHandler' driver.
INFO - 2024-06-16 01:44:11 --> Session: Class initialized using 'CodeIgniter\Session\Handlers\FileHandler' driver.
INFO - 2024-06-16 01:44:11 --> Session: Class initialized using 'CodeIgniter\Session\Handlers\FileHandler' driver.
INFO - 2024-06-16 01:44:11 --> Session: Class initialized using 'CodeIgniter\Session\Handlers\FileHandler' driver.
INFO - 2024-06-16 01:44:11 --> Session: Class initialized using 'CodeIgniter\Session\Handlers\FileHandler' driver.
INFO - 2024-06-16 01:44:11 --> Session: Class initialized using 'CodeIgniter\Session\Handlers\FileHandler' driver.
INFO - 2024-06-16 01:44:11 --> Session: Class initialized using 'CodeIgniter\Session\Handlers\FileHandler' driver.
INFO - 2024-06-16 01:44:11 --> Session: Class initialized using 'CodeIgniter\Session\Handlers\FileHandler' driver.
INFO - 2024-06-16 01:44:11 --> Session: Class initialized using 'CodeIgniter\Session\Handlers\FileHandler' driver.
INFO - 2024-06-16 01:44:11 --> Session: Class initialized using 'CodeIgniter\Session\Handlers\FileHandler' driver.
INFO - 2024-06-16 01:44:11 --> Session: Class initialized using 'CodeIgniter\Session\Handlers\FileHandler' driver.
INFO - 2024-06-16 01:44:11 --> Session: Class initialized using 'CodeIgniter\Session\Handlers\FileHandler' driver.
INFO - 2024-06-16 01:44:11 --> Session: Class initialized using 'CodeIgniter\Session\Handlers\FileHandler' driver.
INFO - 2024-06-16 01:44:11 --> Session: Class initialized using 'CodeIgniter\Session\Handlers\FileHandler' driver.
INFO - 2024-06-16 01:44:30 --> Session: Class initialized using 'CodeIgniter\Session\Handlers\FileHandler' driver.
INFO - 2024-06-16 03:00:53 --> Session: Class initialized using 'CodeIgniter\Session\Handlers\FileHandler' driver.
INFO - 2024-06-16 03:01:50 --> Session: Class initialized using 'CodeIgniter\Session\Handlers\FileHandler' driver.
INFO - 2024-06-16 03:02:56 --> CSRF token verified.
CRITICAL - 2024-06-16 03:02:56 --> ErrorException: Attempt to read property "password" on array
[Method: POST, Route: user/login]
in APPPATH/Services/AuthServices.php on line 83.
 1 APPPATH/Services/AuthServices.php(83): CodeIgniter\Debug\Exceptions->errorHandler()
 2 APPPATH/Controllers/Auth/Login.php(48): App\Services\AuthServices->login()
 3 SYSTEMPATH/CodeIgniter.php(933): App\Controllers\Auth\Login->postLogin()
 4 SYSTEMPATH/CodeIgniter.php(509): CodeIgniter\CodeIgniter->runController()
 5 SYSTEMPATH/CodeIgniter.php(355): CodeIgniter\CodeIgniter->handleRequest()
 6 SYSTEMPATH/Boot.php(325): CodeIgniter\CodeIgniter->run()
 7 SYSTEMPATH/Boot.php(67): CodeIgniter\Boot::runCodeIgniter()
 8 FCPATH/index.php(56): CodeIgniter\Boot::bootWeb()
 9 SYSTEMPATH/Commands/Server/rewrite.php(49): require_once('/home/haslam/Documents/Pemrograman/php-programming/blogging-system/public/index.php')
INFO - 2024-06-16 03:03:37 --> CSRF token verified.
INFO - 2024-06-16 03:03:37 --> Session: Class initialized using 'CodeIgniter\Session\Handlers\FileHandler' driver.
INFO - 2024-06-16 03:03:37 --> Session: Class initialized using 'CodeIgniter\Session\Handlers\FileHandler' driver.
INFO - 2024-06-16 03:04:07 --> Session: Class initialized using 'CodeIgniter\Session\Handlers\FileHandler' driver.
INFO - 2024-06-16 03:04:47 --> CSRF token verified.
INFO - 2024-06-16 03:04:48 --> Session: Class initialized using 'CodeIgniter\Session\Handlers\FileHandler' driver.
INFO - 2024-06-16 03:05:06 --> CSRF token verified.
CRITICAL - 2024-06-16 03:05:06 --> Error: Cannot use object of type App\Entities\User as array
[Method: POST, Route: user/login]
in APPPATH/Controllers/Auth/Login.php on line 51.
 1 SYSTEMPATH/CodeIgniter.php(933): App\Controllers\Auth\Login->postLogin()
 2 SYSTEMPATH/CodeIgniter.php(509): CodeIgniter\CodeIgniter->runController()
 3 SYSTEMPATH/CodeIgniter.php(355): CodeIgniter\CodeIgniter->handleRequest()
 4 SYSTEMPATH/Boot.php(325): CodeIgniter\CodeIgniter->run()
 5 SYSTEMPATH/Boot.php(67): CodeIgniter\Boot::runCodeIgniter()
 6 FCPATH/index.php(56): CodeIgniter\Boot::bootWeb()
 7 SYSTEMPATH/Commands/Server/rewrite.php(49): require_once('/home/haslam/Documents/Pemrograman/php-programming/blogging-system/public/index.php')
INFO - 2024-06-16 03:07:31 --> Session: Class initialized using 'CodeIgniter\Session\Handlers\FileHandler' driver.
INFO - 2024-06-16 03:07:49 --> CSRF token verified.
ERROR - 2024-06-16 03:07:49 --> mysqli_sql_exception: Unknown column 'date_expire' in 'field list' in /home/haslam/Documents/Pemrograman/php-programming/blogging-system/system/Database/MySQLi/Connection.php:310
Stack trace:
#0 /home/haslam/Documents/Pemrograman/php-programming/blogging-system/system/Database/MySQLi/Connection.php(310): mysqli->query()
#1 /home/haslam/Documents/Pemrograman/php-programming/blogging-system/system/Database/BaseConnection.php(732): CodeIgniter\Database\MySQLi\Connection->execute()
#2 /home/haslam/Documents/Pemrograman/php-programming/blogging-system/system/Database/BaseConnection.php(646): CodeIgniter\Database\BaseConnection->simpleQuery()
#3 /home/haslam/Documents/Pemrograman/php-programming/blogging-system/system/Database/BaseBuilder.php(2333): CodeIgniter\Database\BaseConnection->query()
#4 /home/haslam/Documents/Pemrograman/php-programming/blogging-system/system/Model.php(394): CodeIgniter\Database\BaseBuilder->insert()
#5 /home/haslam/Documents/Pemrograman/php-programming/blogging-system/system/BaseModel.php(840): CodeIgniter\Model->doInsert()
#6 /home/haslam/Documents/Pemrograman/php-programming/blogging-system/system/Model.php(802): CodeIgniter\BaseModel->insert()
#7 /home/haslam/Documents/Pemrograman/php-programming/blogging-system/system/BaseModel.php(751): CodeIgniter\Model->insert()
#8 /home/haslam/Documents/Pemrograman/php-programming/blogging-system/app/Services/SessionLoginServices.php(41): CodeIgniter\BaseModel->save()
#9 /home/haslam/Documents/Pemrograman/php-programming/blogging-system/app/Controllers/Auth/Login.php(51): App\Services\SessionLoginServices->saveCookie()
#10 /home/haslam/Documents/Pemrograman/php-programming/blogging-system/system/CodeIgniter.php(933): App\Controllers\Auth\Login->postLogin()
#11 /home/haslam/Documents/Pemrograman/php-programming/blogging-system/system/CodeIgniter.php(509): CodeIgniter\CodeIgniter->runController()
#12 /home/haslam/Documents/Pemrograman/php-programming/blogging-system/system/CodeIgniter.php(355): CodeIgniter\CodeIgniter->handleRequest()
#13 /home/haslam/Documents/Pemrograman/php-programming/blogging-system/system/Boot.php(325): CodeIgniter\CodeIgniter->run()
#14 /home/haslam/Documents/Pemrograman/php-programming/blogging-system/system/Boot.php(67): CodeIgniter\Boot::runCodeIgniter()
#15 /home/haslam/Documents/Pemrograman/php-programming/blogging-system/public/index.php(56): CodeIgniter\Boot::bootWeb()
#16 /home/haslam/Documents/Pemrograman/php-programming/blogging-system/system/Commands/Server/rewrite.php(49): require_once('...')
#17 {main}
CRITICAL - 2024-06-16 03:07:49 --> CodeIgniter\Database\Exceptions\DatabaseException: Unknown column 'date_expire' in 'field list'
[Method: POST, Route: user/login]
in SYSTEMPATH/Database/BaseConnection.php on line 686.
 1 SYSTEMPATH/Database/BaseBuilder.php(2333): CodeIgniter\Database\BaseConnection->query()
 2 SYSTEMPATH/Model.php(394): CodeIgniter\Database\BaseBuilder->insert()
 3 SYSTEMPATH/BaseModel.php(840): CodeIgniter\Model->doInsert()
 4 SYSTEMPATH/Model.php(802): CodeIgniter\BaseModel->insert()
 5 SYSTEMPATH/BaseModel.php(751): CodeIgniter\Model->insert()
 6 APPPATH/Services/SessionLoginServices.php(41): CodeIgniter\BaseModel->save()
 7 APPPATH/Controllers/Auth/Login.php(51): App\Services\SessionLoginServices->saveCookie()
 8 SYSTEMPATH/CodeIgniter.php(933): App\Controllers\Auth\Login->postLogin()
 9 SYSTEMPATH/CodeIgniter.php(509): CodeIgniter\CodeIgniter->runController()
10 SYSTEMPATH/CodeIgniter.php(355): CodeIgniter\CodeIgniter->handleRequest()
11 SYSTEMPATH/Boot.php(325): CodeIgniter\CodeIgniter->run()
12 SYSTEMPATH/Boot.php(67): CodeIgniter\Boot::runCodeIgniter()
13 FCPATH/index.php(56): CodeIgniter\Boot::bootWeb()
14 SYSTEMPATH/Commands/Server/rewrite.php(49): require_once('/home/haslam/Documents/Pemrograman/php-programming/blogging-system/public/index.php')
CRITICAL - 2024-06-16 03:07:49 --> [Caused by] CodeIgniter\Database\Exceptions\DatabaseException: Unknown column 'date_expire' in 'field list'
in SYSTEMPATH/Database/MySQLi/Connection.php on line 315.
 1 SYSTEMPATH/Database/BaseConnection.php(732): CodeIgniter\Database\MySQLi\Connection->execute()
 2 SYSTEMPATH/Database/BaseConnection.php(646): CodeIgniter\Database\BaseConnection->simpleQuery()
 3 SYSTEMPATH/Database/BaseBuilder.php(2333): CodeIgniter\Database\BaseConnection->query()
 4 SYSTEMPATH/Model.php(394): CodeIgniter\Database\BaseBuilder->insert()
 5 SYSTEMPATH/BaseModel.php(840): CodeIgniter\Model->doInsert()
 6 SYSTEMPATH/Model.php(802): CodeIgniter\BaseModel->insert()
 7 SYSTEMPATH/BaseModel.php(751): CodeIgniter\Model->insert()
 8 APPPATH/Services/SessionLoginServices.php(41): CodeIgniter\BaseModel->save()
 9 APPPATH/Controllers/Auth/Login.php(51): App\Services\SessionLoginServices->saveCookie()
10 SYSTEMPATH/CodeIgniter.php(933): App\Controllers\Auth\Login->postLogin()
11 SYSTEMPATH/CodeIgniter.php(509): CodeIgniter\CodeIgniter->runController()
12 SYSTEMPATH/CodeIgniter.php(355): CodeIgniter\CodeIgniter->handleRequest()
13 SYSTEMPATH/Boot.php(325): CodeIgniter\CodeIgniter->run()
14 SYSTEMPATH/Boot.php(67): CodeIgniter\Boot::runCodeIgniter()
15 FCPATH/index.php(56): CodeIgniter\Boot::bootWeb()
16 SYSTEMPATH/Commands/Server/rewrite.php(49): require_once('/home/haslam/Documents/Pemrograman/php-programming/blogging-system/public/index.php')
CRITICAL - 2024-06-16 03:07:49 --> [Caused by] mysqli_sql_exception: Unknown column 'date_expire' in 'field list'
in SYSTEMPATH/Database/MySQLi/Connection.php on line 310.
 1 SYSTEMPATH/Database/MySQLi/Connection.php(310): mysqli->query()
 2 SYSTEMPATH/Database/BaseConnection.php(732): CodeIgniter\Database\MySQLi\Connection->execute()
 3 SYSTEMPATH/Database/BaseConnection.php(646): CodeIgniter\Database\BaseConnection->simpleQuery()
 4 SYSTEMPATH/Database/BaseBuilder.php(2333): CodeIgniter\Database\BaseConnection->query()
 5 SYSTEMPATH/Model.php(394): CodeIgniter\Database\BaseBuilder->insert()
 6 SYSTEMPATH/BaseModel.php(840): CodeIgniter\Model->doInsert()
 7 SYSTEMPATH/Model.php(802): CodeIgniter\BaseModel->insert()
 8 SYSTEMPATH/BaseModel.php(751): CodeIgniter\Model->insert()
 9 APPPATH/Services/SessionLoginServices.php(41): CodeIgniter\BaseModel->save()
10 APPPATH/Controllers/Auth/Login.php(51): App\Services\SessionLoginServices->saveCookie()
11 SYSTEMPATH/CodeIgniter.php(933): App\Controllers\Auth\Login->postLogin()
12 SYSTEMPATH/CodeIgniter.php(509): CodeIgniter\CodeIgniter->runController()
13 SYSTEMPATH/CodeIgniter.php(355): CodeIgniter\CodeIgniter->handleRequest()
14 SYSTEMPATH/Boot.php(325): CodeIgniter\CodeIgniter->run()
15 SYSTEMPATH/Boot.php(67): CodeIgniter\Boot::runCodeIgniter()
16 FCPATH/index.php(56): CodeIgniter\Boot::bootWeb()
17 SYSTEMPATH/Commands/Server/rewrite.php(49): require_once('/home/haslam/Documents/Pemrograman/php-programming/blogging-system/public/index.php')
INFO - 2024-06-16 03:09:01 --> Session: Class initialized using 'CodeIgniter\Session\Handlers\FileHandler' driver.
INFO - 2024-06-16 03:09:20 --> CSRF token verified.
CRITICAL - 2024-06-16 03:09:20 --> CodeIgniter\Filters\Exceptions\FilterException: "auth" filter must have a matching alias defined.
[Method: GET, Route: admin/articles]
in SYSTEMPATH/Filters/Filters.php on line 495.
 1 SYSTEMPATH/Filters/Filters.php(495): CodeIgniter\Filters\Exceptions\FilterException::forNoAlias()
 2 SYSTEMPATH/Filters/Filters.php(547): CodeIgniter\Filters\Filters->enableFilter()
 3 SYSTEMPATH/CodeIgniter.php(469): CodeIgniter\Filters\Filters->enableFilters()
 4 SYSTEMPATH/CodeIgniter.php(355): CodeIgniter\CodeIgniter->handleRequest()
 5 SYSTEMPATH/Boot.php(325): CodeIgniter\CodeIgniter->run()
 6 SYSTEMPATH/Boot.php(67): CodeIgniter\Boot::runCodeIgniter()
 7 FCPATH/index.php(56): CodeIgniter\Boot::bootWeb()
 8 SYSTEMPATH/Commands/Server/rewrite.php(49): require_once('/home/haslam/Documents/Pemrograman/php-programming/blogging-system/public/index.php')
